<?xml version="1.0" encoding="UTF-8"?>
<!-- Generated by org.testng.reporters.JUnitReportReporter -->
<testsuite hostname="LAPTOP-HJ723I79" failures="0" tests="2" name="testCases.TC001_AccountRegistrationTest" time="5.699" errors="0" timestamp="2026-05-31T02:37:44 IST" skipped="0">
  <testcase classname="testCases.TC001_AccountRegistrationTest" name="verify_account_registration" time="2.556"/>
  <testcase classname="testCases.TC001_AccountRegistrationTest" name="verify_account_registration" time="3.143"/>
</testsuite> <!-- testCases.TC001_AccountRegistrationTest -->
